-------------------------------------------------------------------------------
Test set: org.fpij.jitakyoei.model.unit.ProfessorEntidadeBOImplUnitTest
-------------------------------------------------------------------------------
Tests run: 2, Failures: 0, Errors: 1, Skipped: 0, Time elapsed: 0.006 s <<< FAILURE! - in org.fpij.jitakyoei.model.unit.ProfessorEntidadeBOImplUnitTest
org.fpij.jitakyoei.model.unit.ProfessorEntidadeBOImplUnitTest.testCreateProfessorEntidadeSucesso  Time elapsed: 0 s  <<< ERROR!
java.lang.NoClassDefFoundError: Could not initialize class org.fpij.jitakyoei.util.FiliadoID
	at org.fpij.jitakyoei.model.unit.ProfessorEntidadeBOImplUnitTest.testCreateProfessorEntidadeSucesso(ProfessorEntidadeBOImplUnitTest.java:38)

