<?xml version="1.0" encoding="UTF-8"?>
<testsuite xmlns:xsi="http://www.w3.org/2001/XMLSchema-instance" xsi:noNamespaceSchemaLocation="https://maven.apache.org/surefire/maven-surefire-plugin/xsd/surefire-test-report-3.0.xsd" version="3.0" name="org.fpij.jitakyoei.model.unit.AlunoBOImplUnitTest" time="2.048" tests="6" errors="4" skipped="0" failures="0">
  <properties>
[...]
</properties>
  <testcase name="testCreateSucesso" classname="org.fpij.jitakyoei.model.unit.AlunoBOImplUnitTest" time="2">
    <error type="java.lang.ExceptionInInitializerError"><![CDATA[java.lang.ExceptionInInitializerError
	at org.fpij.jitakyoei.model.unit.AlunoBOImplUnitTest.testCreateSucesso(AlunoBOImplUnitTest.java:33)
Caused by: com.db4o.ext.DatabaseClosedException
	at org.fpij.jitakyoei.model.unit.AlunoBOImplUnitTest.testCreateSucesso(AlunoBOImplUnitTest.java:33)
]]></error>
    <system-out><![CDATA[AlunoBOImpl.createAluno()
]]></system-out>
  </testcase>
  <testcase name="testSearchAlunoSucesso" classname="org.fpij.jitakyoei.model.unit.AlunoBOImplUnitTest" time="0.011">
    <error message="Desculpe, ocorreu um erro desconhecido ao buscar os aluno." type="java.lang.Exception"><![CDATA[java.lang.Exception: Desculpe, ocorreu um erro desconhecido ao buscar os aluno.
	at org.fpij.jitakyoei.model.unit.AlunoBOImplUnitTest.testSearchAlunoSucesso(AlunoBOImplUnitTest.java:76)
]]></error>
    <system-err><![CDATA[com.db4o.ext.DatabaseClosedException
	at com.db4o.internal.PartialObjectContainer.checkClosed(PartialObjectContainer.java:284)
	at com.db4o.internal.PartialObjectContainer.checkTransaction(PartialObjectContainer.java:312)
	at com.db4o.internal.PartialObjectContainer.queryByExample(PartialObjectContainer.java:737)
	at com.db4o.internal.ExternalObjectContainer.queryByExample(ExternalObjectContainer.java:76)
	at org.fpij.jitakyoei.model.dao.DAOImpl.search(DAOImpl.java:88)
	at org.fpij.jitakyoei.business.AlunoBOImpl.searchAluno(AlunoBOImpl.java:64)
	at org.fpij.jitakyoei.model.unit.AlunoBOImplUnitTest.testSearchAlunoSucesso(AlunoBOImplUnitTest.java:76)
	at sun.reflect.NativeMethodAccessorImpl.invoke0(Native Method)
	at sun.reflect.NativeMethodAccessorImpl.invoke(NativeMethodAccessorImpl.java:62)
	at sun.reflect.DelegatingMethodAccessorImpl.invoke(DelegatingMethodAccessorImpl.java:43)
	at java.lang.reflect.Method.invoke(Method.java:498)
	at org.junit.runners.model.FrameworkMethod$1.runReflectiveCall(FrameworkMethod.java:50)
	at org.junit.internal.runners.model.ReflectiveCallable.run(ReflectiveCallable.java:12)
	at org.junit.runners.model.FrameworkMethod.invokeExplosively(FrameworkMethod.java:47)
	at org.junit.internal.runners.statements.InvokeMethod.evaluate(InvokeMethod.java:17)
	at org.junit.internal.runners.statements.RunBefores.evaluate(RunBefores.java:26)
	at org.junit.runners.ParentRunner.runLeaf(ParentRunner.java:325)
	at org.junit.runners.BlockJUnit4ClassRunner.runChild(BlockJUnit4ClassRunner.java:78)
	at org.junit.runners.BlockJUnit4ClassRunner.runChild(BlockJUnit4ClassRunner.java:57)
	at org.junit.runners.ParentRunner$3.run(ParentRunner.java:290)
	at org.junit.runners.ParentRunner$1.schedule(ParentRunner.java:71)
	at org.junit.runners.ParentRunner.runChildren(ParentRunner.java:288)
	at org.junit.runners.ParentRunner.access$000(ParentRunner.java:58)
	at org.junit.runners.ParentRunner$2.evaluate(ParentRunner.java:268)
	at org.junit.runners.ParentRunner.run(ParentRunner.java:363)
	at org.apache.maven.surefire.junit4.JUnit4Provider.execute(JUnit4Provider.java:364)
	at org.apache.maven.surefire.junit4.JUnit4Provider.executeWithRerun(JUnit4Provider.java:272)
	at org.apache.maven.surefire.junit4.JUnit4Provider.executeTestSet(JUnit4Provider.java:237)
	at org.apache.maven.surefire.junit4.JUnit4Provider.invoke(JUnit4Provider.java:158)
	at org.apache.maven.surefire.booter.ForkedBooter.runSuitesInProcess(ForkedBooter.java:428)
	at org.apache.maven.surefire.booter.ForkedBooter.execute(ForkedBooter.java:162)
	at org.apache.maven.surefire.booter.ForkedBooter.run(ForkedBooter.java:562)
	at org.apache.maven.surefire.booter.ForkedBooter.main(ForkedBooter.java:548)
]]></system-err>
  </testcase>
  <testcase name="testCreateFalhaSemFiliado" classname="org.fpij.jitakyoei.model.unit.AlunoBOImplUnitTest" time="0">
    <error message="Unexpected exception, expected&lt;java.lang.Exception&gt; but was&lt;java.lang.NoClassDefFoundError&gt;" type="java.lang.Exception"><![CDATA[java.lang.Exception: Unexpected exception, expected<java.lang.Exception> but was<java.lang.NoClassDefFoundError>
	at org.fpij.jitakyoei.model.unit.AlunoBOImplUnitTest.testCreateFalhaSemFiliado(AlunoBOImplUnitTest.java:43)
]]></error>
    <system-out><![CDATA[AlunoBOImpl.createAluno()
]]></system-out>
  </testcase>
  <testcase name="testListAllSucesso" classname="org.fpij.jitakyoei.model.unit.AlunoBOImplUnitTest" time="0.017">
    <error message="Desculpe, ocorreu um erro desconhecido o obter a lista de alunos." type="java.lang.Exception"><![CDATA[java.lang.Exception: Desculpe, ocorreu um erro desconhecido o obter a lista de alunos.
	at org.fpij.jitakyoei.model.unit.AlunoBOImplUnitTest.testListAllSucesso(AlunoBOImplUnitTest.java:87)
]]></error>
    <system-err><![CDATA[com.db4o.ext.DatabaseClosedException
	at com.db4o.internal.PartialObjectContainer.checkClosed(PartialObjectContainer.java:284)
	at com.db4o.internal.PartialObjectContainer.checkTransaction(PartialObjectContainer.java:312)
	at com.db4o.internal.PartialObjectContainer.queryByExample(PartialObjectContainer.java:737)
	at com.db4o.internal.ExternalObjectContainer.queryByExample(ExternalObjectContainer.java:76)
	at org.fpij.jitakyoei.model.dao.DAOImpl.list(DAOImpl.java:59)
	at org.fpij.jitakyoei.business.AlunoBOImpl.listAll(AlunoBOImpl.java:79)
	at org.fpij.jitakyoei.model.unit.AlunoBOImplUnitTest.testListAllSucesso(AlunoBOImplUnitTest.java:87)
	at sun.reflect.NativeMethodAccessorImpl.invoke0(Native Method)
	at sun.reflect.NativeMethodAccessorImpl.invoke(NativeMethodAccessorImpl.java:62)
	at sun.reflect.DelegatingMethodAccessorImpl.invoke(DelegatingMethodAccessorImpl.java:43)
	at java.lang.reflect.Method.invoke(Method.java:498)
	at org.junit.runners.model.FrameworkMethod$1.runReflectiveCall(FrameworkMethod.java:50)
	at org.junit.internal.runners.model.ReflectiveCallable.run(ReflectiveCallable.java:12)
	at org.junit.runners.model.FrameworkMethod.invokeExplosively(FrameworkMethod.java:47)
	at org.junit.internal.runners.statements.InvokeMethod.evaluate(InvokeMethod.java:17)
	at org.junit.internal.runners.statements.RunBefores.evaluate(RunBefores.java:26)
	at org.junit.runners.ParentRunner.runLeaf(ParentRunner.java:325)
	at org.junit.runners.BlockJUnit4ClassRunner.runChild(BlockJUnit4ClassRunner.java:78)
	at org.junit.runners.BlockJUnit4ClassRunner.runChild(BlockJUnit4ClassRunner.java:57)
	at org.junit.runners.ParentRunner$3.run(ParentRunner.java:290)
	at org.junit.runners.ParentRunner$1.schedule(ParentRunner.java:71)
	at org.junit.runners.ParentRunner.runChildren(ParentRunner.java:288)
	at org.junit.runners.ParentRunner.access$000(ParentRunner.java:58)
	at org.junit.runners.ParentRunner$2.evaluate(ParentRunner.java:268)
	at org.junit.runners.ParentRunner.run(ParentRunner.java:363)
	at org.apache.maven.surefire.junit4.JUnit4Provider.execute(JUnit4Provider.java:364)
	at org.apache.maven.surefire.junit4.JUnit4Provider.executeWithRerun(JUnit4Provider.java:272)
	at org.apache.maven.surefire.junit4.JUnit4Provider.executeTestSet(JUnit4Provider.java:237)
	at org.apache.maven.surefire.junit4.JUnit4Provider.invoke(JUnit4Provider.java:158)
	at org.apache.maven.surefire.booter.ForkedBooter.runSuitesInProcess(ForkedBooter.java:428)
	at org.apache.maven.surefire.booter.ForkedBooter.execute(ForkedBooter.java:162)
	at org.apache.maven.surefire.booter.ForkedBooter.run(ForkedBooter.java:562)
	at org.apache.maven.surefire.booter.ForkedBooter.main(ForkedBooter.java:548)
]]></system-err>
  </testcase>
  <testcase name="testUpdateAlunoErroGenerico" classname="org.fpij.jitakyoei.model.unit.AlunoBOImplUnitTest" time="0.005">
    <system-err><![CDATA[com.db4o.ext.DatabaseClosedException
	at com.db4o.internal.PartialObjectContainer.checkClosed(PartialObjectContainer.java:284)
	at com.db4o.internal.PartialObjectContainer.checkTransaction(PartialObjectContainer.java:312)
	at com.db4o.internal.PartialObjectContainer.queryByExample(PartialObjectContainer.java:737)
	at com.db4o.internal.ExternalObjectContainer.queryByExample(ExternalObjectContainer.java:76)
	at org.fpij.jitakyoei.model.dao.DAOImpl.get(DAOImpl.java:68)
	at org.fpij.jitakyoei.business.AlunoBOImpl.updateAluno(AlunoBOImpl.java:43)
	at org.fpij.jitakyoei.model.unit.AlunoBOImplUnitTest.testUpdateAlunoErroGenerico(AlunoBOImplUnitTest.java:67)
	at sun.reflect.NativeMethodAccessorImpl.invoke0(Native Method)
	at sun.reflect.NativeMethodAccessorImpl.invoke(NativeMethodAccessorImpl.java:62)
	at sun.reflect.DelegatingMethodAccessorImpl.invoke(DelegatingMethodAccessorImpl.java:43)
	at java.lang.reflect.Method.invoke(Method.java:498)
	at org.junit.runners.model.FrameworkMethod$1.runReflectiveCall(FrameworkMethod.java:50)
	at org.junit.internal.runners.model.ReflectiveCallable.run(ReflectiveCallable.java:12)
	at org.junit.runners.model.FrameworkMethod.invokeExplosively(FrameworkMethod.java:47)
	at org.junit.internal.runners.statements.InvokeMethod.evaluate(InvokeMethod.java:17)
	at org.junit.internal.runners.statements.ExpectException.evaluate(ExpectException.java:19)
	at org.junit.internal.runners.statements.RunBefores.evaluate(RunBefores.java:26)
	at org.junit.runners.ParentRunner.runLeaf(ParentRunner.java:325)
	at org.junit.runners.BlockJUnit4ClassRunner.runChild(BlockJUnit4ClassRunner.java:78)
	at org.junit.runners.BlockJUnit4ClassRunner.runChild(BlockJUnit4ClassRunner.java:57)
	at org.junit.runners.ParentRunner$3.run(ParentRunner.java:290)
	at org.junit.runners.ParentRunner$1.schedule(ParentRunner.java:71)
	at org.junit.runners.ParentRunner.runChildren(ParentRunner.java:288)
	at org.junit.runners.ParentRunner.access$000(ParentRunner.java:58)
	at org.junit.runners.ParentRunner$2.evaluate(ParentRunner.java:268)
	at org.junit.runners.ParentRunner.run(ParentRunner.java:363)
	at org.apache.maven.surefire.junit4.JUnit4Provider.execute(JUnit4Provider.java:364)
	at org.apache.maven.surefire.junit4.JUnit4Provider.executeWithRerun(JUnit4Provider.java:272)
	at org.apache.maven.surefire.junit4.JUnit4Provider.executeTestSet(JUnit4Provider.java:237)
	at org.apache.maven.surefire.junit4.JUnit4Provider.invoke(JUnit4Provider.java:158)
	at org.apache.maven.surefire.booter.ForkedBooter.runSuitesInProcess(ForkedBooter.java:428)
	at org.apache.maven.surefire.booter.ForkedBooter.execute(ForkedBooter.java:162)
	at org.apache.maven.surefire.booter.ForkedBooter.run(ForkedBooter.java:562)
	at org.apache.maven.surefire.booter.ForkedBooter.main(ForkedBooter.java:548)
]]></system-err>
  </testcase>
  <testcase name="testUpdateAlunoFalhaDados" classname="org.fpij.jitakyoei.model.unit.AlunoBOImplUnitTest" time="0.014">
    <system-err><![CDATA[com.db4o.ext.DatabaseClosedException
	at com.db4o.internal.PartialObjectContainer.checkClosed(PartialObjectContainer.java:284)
	at com.db4o.internal.PartialObjectContainer.checkTransaction(PartialObjectContainer.java:312)
	at com.db4o.internal.PartialObjectContainer.queryByExample(PartialObjectContainer.java:737)
	at com.db4o.internal.ExternalObjectContainer.queryByExample(ExternalObjectContainer.java:76)
	at org.fpij.jitakyoei.model.dao.DAOImpl.get(DAOImpl.java:68)
	at org.fpij.jitakyoei.business.AlunoBOImpl.updateAluno(AlunoBOImpl.java:43)
	at org.fpij.jitakyoei.model.unit.AlunoBOImplUnitTest.testUpdateAlunoFalhaDados(AlunoBOImplUnitTest.java:56)
	at sun.reflect.NativeMethodAccessorImpl.invoke0(Native Method)
	at sun.reflect.NativeMethodAccessorImpl.invoke(NativeMethodAccessorImpl.java:62)
	at sun.reflect.DelegatingMethodAccessorImpl.invoke(DelegatingMethodAccessorImpl.java:43)
	at java.lang.reflect.Method.invoke(Method.java:498)
	at org.junit.runners.model.FrameworkMethod$1.runReflectiveCall(FrameworkMethod.java:50)
	at org.junit.internal.runners.model.ReflectiveCallable.run(ReflectiveCallable.java:12)
	at org.junit.runners.model.FrameworkMethod.invokeExplosively(FrameworkMethod.java:47)
	at org.junit.internal.runners.statements.InvokeMethod.evaluate(InvokeMethod.java:17)
	at org.junit.internal.runners.statements.ExpectException.evaluate(ExpectException.java:19)
	at org.junit.internal.runners.statements.RunBefores.evaluate(RunBefores.java:26)
	at org.junit.runners.ParentRunner.runLeaf(ParentRunner.java:325)
	at org.junit.runners.BlockJUnit4ClassRunner.runChild(BlockJUnit4ClassRunner.java:78)
	at org.junit.runners.BlockJUnit4ClassRunner.runChild(BlockJUnit4ClassRunner.java:57)
	at org.junit.runners.ParentRunner$3.run(ParentRunner.java:290)
	at org.junit.runners.ParentRunner$1.schedule(ParentRunner.java:71)
	at org.junit.runners.ParentRunner.runChildren(ParentRunner.java:288)
	at org.junit.runners.ParentRunner.access$000(ParentRunner.java:58)
	at org.junit.runners.ParentRunner$2.evaluate(ParentRunner.java:268)
	at org.junit.runners.ParentRunner.run(ParentRunner.java:363)
	at org.apache.maven.surefire.junit4.JUnit4Provider.execute(JUnit4Provider.java:364)
	at org.apache.maven.surefire.junit4.JUnit4Provider.executeWithRerun(JUnit4Provider.java:272)
	at org.apache.maven.surefire.junit4.JUnit4Provider.executeTestSet(JUnit4Provider.java:237)
	at org.apache.maven.surefire.junit4.JUnit4Provider.invoke(JUnit4Provider.java:158)
	at org.apache.maven.surefire.booter.ForkedBooter.runSuitesInProcess(ForkedBooter.java:428)
	at org.apache.maven.surefire.booter.ForkedBooter.execute(ForkedBooter.java:162)
	at org.apache.maven.surefire.booter.ForkedBooter.run(ForkedBooter.java:562)
	at org.apache.maven.surefire.booter.ForkedBooter.main(ForkedBooter.java:548)
]]></system-err>
  </testcase>
</testsuite>