<?xml version="1.0" encoding="UTF-8"?>
<testsuite xmlns:xsi="http://www.w3.org/2001/XMLSchema-instance" xsi:noNamespaceSchemaLocation="https://maven.apache.org/surefire/maven-surefire-plugin/xsd/surefire-test-report-3.0.xsd" version="3.0" name="org.fpij.jitakyoei.model.dao.AlunoTest" time="1.538" tests="11" errors="0" skipped="0" failures="6">
  <properties>
[...]
</properties>
  <testcase name="testDeletarAlunoInexistente" classname="org.fpij.jitakyoei.model.dao.AlunoTest" time="0.149">
    <failure message="Expected exception: java.lang.Exception" type="java.lang.AssertionError"><![CDATA[java.lang.AssertionError: Expected exception: java.lang.Exception
]]></failure>
  </testcase>
  <testcase name="testSearchAluno" classname="org.fpij.jitakyoei.model.dao.AlunoTest" time="0.225">
    <system-out><![CDATA[DAOImpl.save()
Nome: Aécio
RegistroCbj: null
DataNasc: Mon Dec 02 00:36:37 BRT 2024
E-mail: null
CPF: 036.464.453-27
]]></system-out>
  </testcase>
  <testcase name="testSalvarAlunoComDadosObrigatoriosAusentes" classname="org.fpij.jitakyoei.model.dao.AlunoTest" time="0.011">
    <failure message="Expected exception: java.lang.Exception" type="java.lang.AssertionError"><![CDATA[java.lang.AssertionError: Expected exception: java.lang.Exception
]]></failure>
    <system-out><![CDATA[DAOImpl.save()
Nome: null
RegistroCbj: null
DataNasc: null
E-mail: null
CPF: null
]]></system-out>
  </testcase>
  <testcase name="testSalvarAlunoComDadosInvalidos" classname="org.fpij.jitakyoei.model.dao.AlunoTest" time="0.011">
    <system-out><![CDATA[DAOImpl.save()
]]></system-out>
  </testcase>
  <testcase name="testSalvarAlunoComAssociassoes" classname="org.fpij.jitakyoei.model.dao.AlunoTest" time="0.012">
    <system-out><![CDATA[DAOImpl.save()
Nome: Aécio
RegistroCbj: null
DataNasc: Mon Dec 02 00:36:37 BRT 2024
E-mail: null
CPF: 036.464.453-27
]]></system-out>
  </testcase>
  <testcase name="testSearchAlunoInexistente" classname="org.fpij.jitakyoei.model.dao.AlunoTest" time="0.011"/>
  <testcase name="testAtualizarAlunoComDadosInvalidos" classname="org.fpij.jitakyoei.model.dao.AlunoTest" time="0.021">
    <failure message="Expected exception: java.lang.Exception" type="java.lang.AssertionError"><![CDATA[java.lang.AssertionError: Expected exception: java.lang.Exception
]]></failure>
    <system-out><![CDATA[DAOImpl.save()
Nome: Aécio
RegistroCbj: null
DataNasc: Mon Dec 02 00:36:37 BRT 2024
E-mail: null
CPF: 036.464.453-27
DAOImpl.save()
Nome: Aécio
RegistroCbj: null
DataNasc: Mon Dec 02 00:36:37 BRT 2024
E-mail: null
CPF: 123
]]></system-out>
  </testcase>
  <testcase name="testAtualizarAlunoComDadosObrigatoriosAusentes" classname="org.fpij.jitakyoei.model.dao.AlunoTest" time="0.029">
    <failure message="Expected exception: java.lang.Exception" type="java.lang.AssertionError"><![CDATA[java.lang.AssertionError: Expected exception: java.lang.Exception
]]></failure>
    <system-out><![CDATA[DAOImpl.save()
Nome: Aécio
RegistroCbj: null
DataNasc: Mon Dec 02 00:36:37 BRT 2024
E-mail: null
CPF: 123
DAOImpl.save()
Nome: null
RegistroCbj: null
DataNasc: Mon Dec 02 00:36:37 BRT 2024
E-mail: null
CPF: 123
]]></system-out>
  </testcase>
  <testcase name="testAtualizarAlunoInexistente" classname="org.fpij.jitakyoei.model.dao.AlunoTest" time="0.006">
    <failure message="Expected exception: java.lang.Exception" type="java.lang.AssertionError"><![CDATA[java.lang.AssertionError: Expected exception: java.lang.Exception
]]></failure>
  </testcase>
  <testcase name="testDeletarAluno" classname="org.fpij.jitakyoei.model.dao.AlunoTest" time="0.02">
    <system-out><![CDATA[DAOImpl.save()
Nome: null
RegistroCbj: null
DataNasc: Mon Dec 02 00:36:37 BRT 2024
E-mail: null
CPF: 123
]]></system-out>
  </testcase>
  <testcase name="testAtualizarAluno" classname="org.fpij.jitakyoei.model.dao.AlunoTest" time="0.013">
    <failure message="expected:&lt;Aécio&gt; but was:&lt;null&gt;" type="java.lang.AssertionError"><![CDATA[java.lang.AssertionError: expected:<Aécio> but was:<null>
	at org.fpij.jitakyoei.model.dao.AlunoTest.testAtualizarAluno(AlunoTest.java:113)
]]></failure>
    <system-out><![CDATA[DAOImpl.save()
Nome: null
RegistroCbj: null
DataNasc: Mon Dec 02 00:36:37 BRT 2024
E-mail: null
CPF: 123
]]></system-out>
  </testcase>
</testsuite>